        -:    0:Source:/home/user/projects/cpp/algo_lections/main.cpp
        -:    0:Graph:/home/user/projects/cpp/algo_lections/cmake-build-debug-coverage/CMakeFiles/algo_lections.dir/main.cpp.gcno
        -:    0:Data:/home/user/projects/cpp/algo_lections/cmake-build-debug-coverage/CMakeFiles/algo_lections.dir/main.cpp.gcda
        -:    0:Runs:1
        -:    1:#include <iostream>
        -:    2:#import "lection_0_search.h"
        -:    3:#import "lesson_1_sort.h"
        -:    4:
function main called 1 returned 100% blocks executed 100%
        1:    5:int main() {
        -:    6:
        1:    7:    int a[] = {1, 3, 2, 7, 5, 16, 7, 45, 9, 10};
        -:    8:
        -:    9:    //selectionSort(a, 10);
        -:   10:    //bubbleSort(a, 10);
        -:   11:    //insertionSort(a, 10);
        1:   12:    mergeSort(a, 10);
        1:   12-block  0
call    0 returned 1
branch  1 taken 1 (fallthrough)
branch  2 taken 0 (throw)
        -:   13:    //quickSort(a, 10);
        -:   14:    //bucketSort(a, 10, 3, 45);
        -:   15:    //countSort(a, 10, 45);
       11:   16:    for (int i = 0; i < 10; i++)
        1:   16-block  0
       11:   16-block  1
branch  0 taken 10 (fallthrough)
branch  1 taken 1
       10:   16-block  2
       10:   17:        std::cout << a[i] << std::endl;
       10:   17-block  0
call    0 returned 10
branch  1 taken 10 (fallthrough)
branch  2 taken 0 (throw)
       10:   17-block  1
call    3 returned 10
branch  4 taken 10 (fallthrough)
branch  5 taken 0 (throw)
        1:   18:    return 0;
        1:   18-block  0
        -:   19:}
